0 info it worked if it ends with ok
1 verbose cli [ 'C:\\Program Files\\nodejs\\node.exe',
1 verbose cli   'C:\\Users\\wuwan_000\\AppData\\Roaming\\npm\\node_modules\\npm\\bin\\npm-cli.js',
1 verbose cli   'i' ]
2 info using npm@3.10.5
3 info using node@v4.4.7
4 silly loadCurrentTree Starting
5 silly install loadCurrentTree
6 silly install readLocalPackageData
7 silly install normalizeTree
8 silly loadCurrentTree Finishing
9 silly loadIdealTree Starting
10 silly install loadIdealTree
11 silly cloneCurrentTree Starting
12 silly install cloneCurrentTreeToIdealTree
13 silly cloneCurrentTree Finishing
14 silly loadShrinkwrap Starting
15 silly install loadShrinkwrap
16 silly loadShrinkwrap Finishing
17 silly loadAllDepsIntoIdealTree Starting
18 silly install loadAllDepsIntoIdealTree
19 silly fetchNamedPackageData vue-validator
20 silly mapToRegistry name vue-validator
21 silly mapToRegistry using default registry
22 silly mapToRegistry registry https://registry.npmjs.org/
23 silly mapToRegistry data Result {
23 silly mapToRegistry   raw: 'vue-validator',
23 silly mapToRegistry   scope: null,
23 silly mapToRegistry   escapedName: 'vue-validator',
23 silly mapToRegistry   name: 'vue-validator',
23 silly mapToRegistry   rawSpec: '',
23 silly mapToRegistry   spec: 'latest',
23 silly mapToRegistry   type: 'tag' }
24 silly mapToRegistry uri https://registry.npmjs.org/vue-validator
25 verbose request uri https://registry.npmjs.org/vue-validator
26 verbose request no auth needed
27 info attempt registry request try #1 at 10:47:36
28 verbose request id a10c2d580a28c8a1
29 verbose etag W/"580df4ed-2ce09"
30 verbose lastModified Mon, 24 Oct 2016 11:47:57 GMT
31 http request GET https://registry.npmjs.org/vue-validator
32 http 304 https://registry.npmjs.org/vue-validator
33 verbose headers { date: 'Thu, 08 Dec 2016 02:47:39 GMT',
33 verbose headers   via: '1.1 varnish',
33 verbose headers   'cache-control': 'max-age=300',
33 verbose headers   etag: 'W/"580df4ed-2ce09"',
33 verbose headers   age: '191',
33 verbose headers   connection: 'keep-alive',
33 verbose headers   'x-served-by': 'cache-lcy1121-LCY',
33 verbose headers   'x-cache': 'HIT',
33 verbose headers   'x-cache-hits': '1',
33 verbose headers   'x-timer': 'S1481165259.827664,VS0,VE0',
33 verbose headers   vary: 'Accept-Encoding' }
34 silly get cb [ 304,
34 silly get   { date: 'Thu, 08 Dec 2016 02:47:39 GMT',
34 silly get     via: '1.1 varnish',
34 silly get     'cache-control': 'max-age=300',
34 silly get     etag: 'W/"580df4ed-2ce09"',
34 silly get     age: '191',
34 silly get     connection: 'keep-alive',
34 silly get     'x-served-by': 'cache-lcy1121-LCY',
34 silly get     'x-cache': 'HIT',
34 silly get     'x-cache-hits': '1',
34 silly get     'x-timer': 'S1481165259.827664,VS0,VE0',
34 silly get     vary: 'Accept-Encoding' } ]
35 verbose etag https://registry.npmjs.org/vue-validator from cache
36 verbose get saving vue-validator to C:\Users\wuwan_000\AppData\Roaming\npm-cache\registry.npmjs.org\vue-validator\.cache.json
37 verbose correctMkdir C:\Users\wuwan_000\AppData\Roaming\npm-cache correctMkdir not in flight; initializing
38 silly fetchNamedPackageData No valid target from cache, forcing network
39 verbose request uri https://registry.npmjs.org/vue-validator
40 verbose request no auth needed
41 info attempt registry request try #1 at 10:47:39
42 http request GET https://registry.npmjs.org/vue-validator
43 http 200 https://registry.npmjs.org/vue-validator
44 verbose headers { server: 'nginx/1.10.1',
44 verbose headers   'content-type': 'application/json',
44 verbose headers   'last-modified': 'Mon, 24 Oct 2016 11:47:57 GMT',
44 verbose headers   etag: 'W/"580df4ed-2ce09"',
44 verbose headers   'content-encoding': 'gzip',
44 verbose headers   'cache-control': 'max-age=300',
44 verbose headers   'content-length': '11313',
44 verbose headers   'accept-ranges': 'bytes',
44 verbose headers   date: 'Thu, 08 Dec 2016 02:47:40 GMT',
44 verbose headers   via: '1.1 varnish',
44 verbose headers   age: '191',
44 verbose headers   connection: 'keep-alive',
44 verbose headers   'x-served-by': 'cache-lcy1121-LCY',
44 verbose headers   'x-cache': 'HIT',
44 verbose headers   'x-cache-hits': '2',
44 verbose headers   'x-timer': 'S1481165260.115957,VS0,VE0',
44 verbose headers   vary: 'Accept-Encoding' }
45 silly get cb [ 200,
45 silly get   { server: 'nginx/1.10.1',
45 silly get     'content-type': 'application/json',
45 silly get     'last-modified': 'Mon, 24 Oct 2016 11:47:57 GMT',
45 silly get     etag: 'W/"580df4ed-2ce09"',
45 silly get     'content-encoding': 'gzip',
45 silly get     'cache-control': 'max-age=300',
45 silly get     'content-length': '11313',
45 silly get     'accept-ranges': 'bytes',
45 silly get     date: 'Thu, 08 Dec 2016 02:47:40 GMT',
45 silly get     via: '1.1 varnish',
45 silly get     age: '191',
45 silly get     connection: 'keep-alive',
45 silly get     'x-served-by': 'cache-lcy1121-LCY',
45 silly get     'x-cache': 'HIT',
45 silly get     'x-cache-hits': '2',
45 silly get     'x-timer': 'S1481165260.115957,VS0,VE0',
45 silly get     vary: 'Accept-Encoding' } ]
46 verbose get saving vue-validator to C:\Users\wuwan_000\AppData\Roaming\npm-cache\registry.npmjs.org\vue-validator\.cache.json
47 verbose correctMkdir C:\Users\wuwan_000\AppData\Roaming\npm-cache correctMkdir not in flight; initializing
48 silly fetchPackageMetaData Error: No compatible version found: vue-validator@^3.0.0
48 silly fetchPackageMetaData Valid install targets:
48 silly fetchPackageMetaData 3.0.0-alpha.1, 2.1.7, 2.1.6, 2.1.5, 2.1.4, 2.1.3, 2.1.2, 2.1.1, 2.1.0, 2.0.2, 2.0.1, 2.0.0, 2.0.0-beta.6, 2.0.0-beta.5, 2.0.0-beta.4, 2.0.0-beta.3, 2.0.0-beta.2, 2.0.0-beta.1, 2.0.0-alpha.22, 2.0.0-alpha.21, 2.0.0-alpha.20, 2.0.0-alpha.19, 2.0.0-alpha.18, 2.0.0-alpha.17, 2.0.0-alpha.16, 2.0.0-alpha.15, 2.0.0-alpha.14, 2.0.0-alpha.13, 2.0.0-alpha.12, 2.0.0-alpha.11, 2.0.0-alpha.10, 2.0.0-alpha.9, 2.0.0-alpha.8, 2.0.0-alpha.7, 2.0.0-alpha.6, 2.0.0-alpha.5, 2.0.0-alpha.4, 2.0.0-alpha.3, 2.0.0-alpha.2, 2.0.0-alpha.1, 1.4.4, 1.4.3, 1.4.2, 1.4.0, 1.3.3, 1.3.2, 1.3.1, 1.3.0, 1.2.2, 1.2.1, 1.2.0, 1.1.2, 1.1.1, 1.1.0, 1.0.7, 1.0.6, 1.0.5, 1.0.4, 1.0.3, 1.0.2, 1.0.0, 0.11.3
48 silly fetchPackageMetaData
48 silly fetchPackageMetaData     at pickVersionFromRegistryDocument (C:\Users\wuwan_000\AppData\Roaming\npm\node_modules\npm\lib\fetch-package-metadata.js:170:16)
48 silly fetchPackageMetaData     at C:\Users\wuwan_000\AppData\Roaming\npm\node_modules\npm\node_modules\iferr\index.js:13:50
48 silly fetchPackageMetaData     at C:\Users\wuwan_000\AppData\Roaming\npm\node_modules\npm\lib\utils\pulse-till-done.js:20:8
48 silly fetchPackageMetaData     at saved (C:\Users\wuwan_000\AppData\Roaming\npm\node_modules\npm\lib\cache\caching-client.js:174:7)
48 silly fetchPackageMetaData     at C:\Users\wuwan_000\AppData\Roaming\npm\node_modules\npm\node_modules\graceful-fs\polyfills.js:210:7
48 silly fetchPackageMetaData     at FSReqWrap.oncomplete (fs.js:82:15)
48 silly fetchPackageMetaData  error for vue-validator@^3.0.0 [Error: No compatible version found: vue-validator@^3.0.0
48 silly fetchPackageMetaData Valid install targets:
48 silly fetchPackageMetaData 3.0.0-alpha.1, 2.1.7, 2.1.6, 2.1.5, 2.1.4, 2.1.3, 2.1.2, 2.1.1, 2.1.0, 2.0.2, 2.0.1, 2.0.0, 2.0.0-beta.6, 2.0.0-beta.5, 2.0.0-beta.4, 2.0.0-beta.3, 2.0.0-beta.2, 2.0.0-beta.1, 2.0.0-alpha.22, 2.0.0-alpha.21, 2.0.0-alpha.20, 2.0.0-alpha.19, 2.0.0-alpha.18, 2.0.0-alpha.17, 2.0.0-alpha.16, 2.0.0-alpha.15, 2.0.0-alpha.14, 2.0.0-alpha.13, 2.0.0-alpha.12, 2.0.0-alpha.11, 2.0.0-alpha.10, 2.0.0-alpha.9, 2.0.0-alpha.8, 2.0.0-alpha.7, 2.0.0-alpha.6, 2.0.0-alpha.5, 2.0.0-alpha.4, 2.0.0-alpha.3, 2.0.0-alpha.2, 2.0.0-alpha.1, 1.4.4, 1.4.3, 1.4.2, 1.4.0, 1.3.3, 1.3.2, 1.3.1, 1.3.0, 1.2.2, 1.2.1, 1.2.0, 1.1.2, 1.1.1, 1.1.0, 1.0.7, 1.0.6, 1.0.5, 1.0.4, 1.0.3, 1.0.2, 1.0.0, 0.11.3
48 silly fetchPackageMetaData ]
49 silly rollbackFailedOptional Starting
50 silly rollbackFailedOptional Finishing
51 silly runTopLevelLifecycles Starting
52 silly runTopLevelLifecycles Finishing
53 silly install printInstalled
54 verbose stack Error: No compatible version found: vue-validator@^3.0.0
54 verbose stack Valid install targets:
54 verbose stack 3.0.0-alpha.1, 2.1.7, 2.1.6, 2.1.5, 2.1.4, 2.1.3, 2.1.2, 2.1.1, 2.1.0, 2.0.2, 2.0.1, 2.0.0, 2.0.0-beta.6, 2.0.0-beta.5, 2.0.0-beta.4, 2.0.0-beta.3, 2.0.0-beta.2, 2.0.0-beta.1, 2.0.0-alpha.22, 2.0.0-alpha.21, 2.0.0-alpha.20, 2.0.0-alpha.19, 2.0.0-alpha.18, 2.0.0-alpha.17, 2.0.0-alpha.16, 2.0.0-alpha.15, 2.0.0-alpha.14, 2.0.0-alpha.13, 2.0.0-alpha.12, 2.0.0-alpha.11, 2.0.0-alpha.10, 2.0.0-alpha.9, 2.0.0-alpha.8, 2.0.0-alpha.7, 2.0.0-alpha.6, 2.0.0-alpha.5, 2.0.0-alpha.4, 2.0.0-alpha.3, 2.0.0-alpha.2, 2.0.0-alpha.1, 1.4.4, 1.4.3, 1.4.2, 1.4.0, 1.3.3, 1.3.2, 1.3.1, 1.3.0, 1.2.2, 1.2.1, 1.2.0, 1.1.2, 1.1.1, 1.1.0, 1.0.7, 1.0.6, 1.0.5, 1.0.4, 1.0.3, 1.0.2, 1.0.0, 0.11.3
54 verbose stack
54 verbose stack     at pickVersionFromRegistryDocument (C:\Users\wuwan_000\AppData\Roaming\npm\node_modules\npm\lib\fetch-package-metadata.js:170:16)
54 verbose stack     at C:\Users\wuwan_000\AppData\Roaming\npm\node_modules\npm\node_modules\iferr\index.js:13:50
54 verbose stack     at C:\Users\wuwan_000\AppData\Roaming\npm\node_modules\npm\lib\utils\pulse-till-done.js:20:8
54 verbose stack     at saved (C:\Users\wuwan_000\AppData\Roaming\npm\node_modules\npm\lib\cache\caching-client.js:174:7)
54 verbose stack     at C:\Users\wuwan_000\AppData\Roaming\npm\node_modules\npm\node_modules\graceful-fs\polyfills.js:210:7
54 verbose stack     at FSReqWrap.oncomplete (fs.js:82:15)
55 verbose cwd D:\project\php\push
56 error Windows_NT 6.3.9600
57 error argv "C:\\Program Files\\nodejs\\node.exe" "C:\\Users\\wuwan_000\\AppData\\Roaming\\npm\\node_modules\\npm\\bin\\npm-cli.js" "i"
58 error node v4.4.7
59 error npm  v3.10.5
60 error No compatible version found: vue-validator@^3.0.0
60 error Valid install targets:
60 error 3.0.0-alpha.1, 2.1.7, 2.1.6, 2.1.5, 2.1.4, 2.1.3, 2.1.2, 2.1.1, 2.1.0, 2.0.2, 2.0.1, 2.0.0, 2.0.0-beta.6, 2.0.0-beta.5, 2.0.0-beta.4, 2.0.0-beta.3, 2.0.0-beta.2, 2.0.0-beta.1, 2.0.0-alpha.22, 2.0.0-alpha.21, 2.0.0-alpha.20, 2.0.0-alpha.19, 2.0.0-alpha.18, 2.0.0-alpha.17, 2.0.0-alpha.16, 2.0.0-alpha.15, 2.0.0-alpha.14, 2.0.0-alpha.13, 2.0.0-alpha.12, 2.0.0-alpha.11, 2.0.0-alpha.10, 2.0.0-alpha.9, 2.0.0-alpha.8, 2.0.0-alpha.7, 2.0.0-alpha.6, 2.0.0-alpha.5, 2.0.0-alpha.4, 2.0.0-alpha.3, 2.0.0-alpha.2, 2.0.0-alpha.1, 1.4.4, 1.4.3, 1.4.2, 1.4.0, 1.3.3, 1.3.2, 1.3.1, 1.3.0, 1.2.2, 1.2.1, 1.2.0, 1.1.2, 1.1.1, 1.1.0, 1.0.7, 1.0.6, 1.0.5, 1.0.4, 1.0.3, 1.0.2, 1.0.0, 0.11.3
61 error If you need help, you may report this error at:
61 error     <https://github.com/npm/npm/issues>
62 verbose exit [ 1, true ]
